{"/home/smaiah/version/JSAU/jsau-webserver/src/app.js": {"path":"/home/smaiah/version/JSAU/jsau-webserver/src/app.js","statementMap":{"0":{"start":{"line":3,"column":16},"end":{"line":3,"column":34}},"1":{"start":{"line":4,"column":17},"end":{"line":4,"column":36}},"2":{"start":{"line":5,"column":15},"end":{"line":5,"column":32}},"3":{"start":{"line":6,"column":19},"end":{"line":6,"column":41}},"4":{"start":{"line":7,"column":13},"end":{"line":7,"column":28}},"5":{"start":{"line":8,"column":11},"end":{"line":8,"column":24}},"6":{"start":{"line":9,"column":23},"end":{"line":9,"column":49}},"7":{"start":{"line":10,"column":14},"end":{"line":10,"column":42}},"8":{"start":{"line":12,"column":12},"end":{"line":12,"column":21}},"9":{"start":{"line":15,"column":0},"end":{"line":15,"column":29}},"10":{"start":{"line":18,"column":0},"end":{"line":18,"column":46}},"11":{"start":{"line":19,"column":0},"end":{"line":19,"column":26}},"12":{"start":{"line":21,"column":0},"end":{"line":21,"column":34}},"13":{"start":{"line":22,"column":0},"end":{"line":22,"column":22}},"14":{"start":{"line":25,"column":0},"end":{"line":25,"column":55}},"15":{"start":{"line":28,"column":0},"end":{"line":32,"column":2}},"16":{"start":{"line":34,"column":0},"end":{"line":38,"column":2}},"17":{"start":{"line":35,"column":4},"end":{"line":37,"column":6}},"18":{"start":{"line":40,"column":0},"end":{"line":44,"column":2}},"19":{"start":{"line":41,"column":4},"end":{"line":43,"column":6}},"20":{"start":{"line":46,"column":0},"end":{"line":48,"column":2}},"21":{"start":{"line":47,"column":4},"end":{"line":47,"column":28}},"22":{"start":{"line":50,"column":0},"end":{"line":53,"column":2}},"23":{"start":{"line":51,"column":4},"end":{"line":51,"column":17}},"24":{"start":{"line":52,"column":4},"end":{"line":52,"column":21}},"25":{"start":{"line":55,"column":17},"end":{"line":55,"column":71}},"26":{"start":{"line":55,"column":24},"end":{"line":55,"column":71}},"27":{"start":{"line":55,"column":34},"end":{"line":55,"column":71}},"28":{"start":{"line":56,"column":17},"end":{"line":56,"column":35}},"29":{"start":{"line":59,"column":17},"end":{"line":72,"column":1}},"30":{"start":{"line":65,"column":4},"end":{"line":71,"column":6}},"31":{"start":{"line":66,"column":8},"end":{"line":68,"column":9}},"32":{"start":{"line":67,"column":12},"end":{"line":67,"column":21}},"33":{"start":{"line":70,"column":8},"end":{"line":70,"column":54}},"34":{"start":{"line":74,"column":18},"end":{"line":87,"column":1}},"35":{"start":{"line":80,"column":4},"end":{"line":86,"column":6}},"36":{"start":{"line":81,"column":8},"end":{"line":83,"column":9}},"37":{"start":{"line":82,"column":12},"end":{"line":82,"column":21}},"38":{"start":{"line":85,"column":8},"end":{"line":85,"column":18}},"39":{"start":{"line":90,"column":0},"end":{"line":92,"column":2}},"40":{"start":{"line":91,"column":4},"end":{"line":91,"column":46}},"41":{"start":{"line":95,"column":0},"end":{"line":113,"column":2}},"42":{"start":{"line":96,"column":4},"end":{"line":112,"column":12}},"43":{"start":{"line":98,"column":26},"end":{"line":102,"column":9}},"44":{"start":{"line":103,"column":8},"end":{"line":105,"column":9}},"45":{"start":{"line":104,"column":12},"end":{"line":104,"column":79}},"46":{"start":{"line":107,"column":8},"end":{"line":107,"column":36}},"47":{"start":{"line":109,"column":8},"end":{"line":111,"column":10}},"48":{"start":{"line":110,"column":12},"end":{"line":110,"column":52}},"49":{"start":{"line":123,"column":0},"end":{"line":132,"column":2}},"50":{"start":{"line":124,"column":4},"end":{"line":131,"column":12}},"51":{"start":{"line":125,"column":22},"end":{"line":125,"column":54}},"52":{"start":{"line":126,"column":8},"end":{"line":130,"column":9}},"53":{"start":{"line":127,"column":12},"end":{"line":127,"column":56}},"54":{"start":{"line":129,"column":12},"end":{"line":129,"column":82}},"55":{"start":{"line":135,"column":0},"end":{"line":155,"column":2}},"56":{"start":{"line":136,"column":4},"end":{"line":154,"column":12}},"57":{"start":{"line":138,"column":22},"end":{"line":138,"column":54}},"58":{"start":{"line":139,"column":8},"end":{"line":153,"column":9}},"59":{"start":{"line":140,"column":12},"end":{"line":150,"column":14}},"60":{"start":{"line":142,"column":16},"end":{"line":149,"column":17}},"61":{"start":{"line":143,"column":38},"end":{"line":143,"column":62}},"62":{"start":{"line":144,"column":20},"end":{"line":144,"column":47}},"63":{"start":{"line":146,"column":20},"end":{"line":148,"column":22}},"64":{"start":{"line":147,"column":24},"end":{"line":147,"column":95}},"65":{"start":{"line":152,"column":12},"end":{"line":152,"column":82}},"66":{"start":{"line":158,"column":0},"end":{"line":175,"column":2}},"67":{"start":{"line":160,"column":4},"end":{"line":174,"column":12}},"68":{"start":{"line":161,"column":22},"end":{"line":161,"column":54}},"69":{"start":{"line":162,"column":8},"end":{"line":173,"column":9}},"70":{"start":{"line":163,"column":12},"end":{"line":170,"column":14}},"71":{"start":{"line":164,"column":16},"end":{"line":169,"column":17}},"72":{"start":{"line":165,"column":20},"end":{"line":165,"column":42}},"73":{"start":{"line":166,"column":20},"end":{"line":168,"column":22}},"74":{"start":{"line":167,"column":24},"end":{"line":167,"column":95}},"75":{"start":{"line":172,"column":12},"end":{"line":172,"column":82}},"76":{"start":{"line":177,"column":0},"end":{"line":177,"column":20}}},"fnMap":{"0":{"name":"(anonymous_0)","decl":{"start":{"line":34,"column":13},"end":{"line":34,"column":14}},"loc":{"start":{"line":34,"column":27},"end":{"line":38,"column":1}},"line":34},"1":{"name":"(anonymous_1)","decl":{"start":{"line":40,"column":20},"end":{"line":40,"column":21}},"loc":{"start":{"line":40,"column":34},"end":{"line":44,"column":1}},"line":40},"2":{"name":"(anonymous_2)","decl":{"start":{"line":46,"column":17},"end":{"line":46,"column":18}},"loc":{"start":{"line":46,"column":31},"end":{"line":48,"column":1}},"line":46},"3":{"name":"(anonymous_3)","decl":{"start":{"line":50,"column":23},"end":{"line":50,"column":24}},"loc":{"start":{"line":50,"column":37},"end":{"line":53,"column":1}},"line":50},"4":{"name":"(anonymous_4)","decl":{"start":{"line":55,"column":17},"end":{"line":55,"column":18}},"loc":{"start":{"line":55,"column":24},"end":{"line":55,"column":71}},"line":55},"5":{"name":"(anonymous_5)","decl":{"start":{"line":55,"column":24},"end":{"line":55,"column":25}},"loc":{"start":{"line":55,"column":34},"end":{"line":55,"column":71}},"line":55},"6":{"name":"(anonymous_6)","decl":{"start":{"line":59,"column":17},"end":{"line":59,"column":18}},"loc":{"start":{"line":64,"column":5},"end":{"line":72,"column":1}},"line":64},"7":{"name":"(anonymous_7)","decl":{"start":{"line":65,"column":36},"end":{"line":65,"column":37}},"loc":{"start":{"line":65,"column":51},"end":{"line":71,"column":5}},"line":65},"8":{"name":"(anonymous_8)","decl":{"start":{"line":74,"column":18},"end":{"line":74,"column":19}},"loc":{"start":{"line":78,"column":26},"end":{"line":87,"column":1}},"line":78},"9":{"name":"(anonymous_9)","decl":{"start":{"line":80,"column":47},"end":{"line":80,"column":48}},"loc":{"start":{"line":80,"column":54},"end":{"line":86,"column":5}},"line":80},"10":{"name":"(anonymous_10)","decl":{"start":{"line":90,"column":23},"end":{"line":90,"column":24}},"loc":{"start":{"line":90,"column":37},"end":{"line":92,"column":1}},"line":90},"11":{"name":"(anonymous_11)","decl":{"start":{"line":95,"column":21},"end":{"line":95,"column":22}},"loc":{"start":{"line":95,"column":35},"end":{"line":113,"column":1}},"line":95},"12":{"name":"(anonymous_12)","decl":{"start":{"line":96,"column":13},"end":{"line":96,"column":14}},"loc":{"start":{"line":96,"column":21},"end":{"line":112,"column":5}},"line":96},"13":{"name":"(anonymous_13)","decl":{"start":{"line":109,"column":49},"end":{"line":109,"column":50}},"loc":{"start":{"line":109,"column":55},"end":{"line":111,"column":9}},"line":109},"14":{"name":"(anonymous_14)","decl":{"start":{"line":123,"column":24},"end":{"line":123,"column":25}},"loc":{"start":{"line":123,"column":38},"end":{"line":132,"column":1}},"line":123},"15":{"name":"(anonymous_15)","decl":{"start":{"line":124,"column":13},"end":{"line":124,"column":14}},"loc":{"start":{"line":124,"column":21},"end":{"line":131,"column":5}},"line":124},"16":{"name":"(anonymous_16)","decl":{"start":{"line":135,"column":24},"end":{"line":135,"column":25}},"loc":{"start":{"line":135,"column":38},"end":{"line":155,"column":1}},"line":135},"17":{"name":"(anonymous_17)","decl":{"start":{"line":136,"column":13},"end":{"line":136,"column":14}},"loc":{"start":{"line":136,"column":21},"end":{"line":154,"column":5}},"line":136},"18":{"name":"(anonymous_18)","decl":{"start":{"line":140,"column":33},"end":{"line":140,"column":34}},"loc":{"start":{"line":140,"column":48},"end":{"line":150,"column":13}},"line":140},"19":{"name":"(anonymous_19)","decl":{"start":{"line":146,"column":61},"end":{"line":146,"column":62}},"loc":{"start":{"line":146,"column":67},"end":{"line":148,"column":21}},"line":146},"20":{"name":"(anonymous_20)","decl":{"start":{"line":158,"column":27},"end":{"line":158,"column":28}},"loc":{"start":{"line":158,"column":41},"end":{"line":175,"column":1}},"line":158},"21":{"name":"(anonymous_21)","decl":{"start":{"line":160,"column":13},"end":{"line":160,"column":14}},"loc":{"start":{"line":160,"column":21},"end":{"line":174,"column":5}},"line":160},"22":{"name":"(anonymous_22)","decl":{"start":{"line":163,"column":33},"end":{"line":163,"column":34}},"loc":{"start":{"line":163,"column":48},"end":{"line":170,"column":13}},"line":163},"23":{"name":"(anonymous_23)","decl":{"start":{"line":166,"column":61},"end":{"line":166,"column":62}},"loc":{"start":{"line":166,"column":67},"end":{"line":168,"column":21}},"line":166}},"branchMap":{"0":{"loc":{"start":{"line":61,"column":4},"end":{"line":61,"column":22}},"type":"default-arg","locations":[{"start":{"line":61,"column":17},"end":{"line":61,"column":22}}],"line":61},"1":{"loc":{"start":{"line":62,"column":4},"end":{"line":62,"column":23}},"type":"default-arg","locations":[{"start":{"line":62,"column":15},"end":{"line":62,"column":23}}],"line":62},"2":{"loc":{"start":{"line":63,"column":4},"end":{"line":63,"column":21}},"type":"default-arg","locations":[{"start":{"line":63,"column":15},"end":{"line":63,"column":21}}],"line":63},"3":{"loc":{"start":{"line":66,"column":8},"end":{"line":68,"column":9}},"type":"if","locations":[{"start":{"line":66,"column":8},"end":{"line":68,"column":9}},{"start":{"line":66,"column":8},"end":{"line":68,"column":9}}],"line":66},"4":{"loc":{"start":{"line":70,"column":17},"end":{"line":70,"column":53}},"type":"cond-expr","locations":[{"start":{"line":70,"column":30},"end":{"line":70,"column":46}},{"start":{"line":70,"column":49},"end":{"line":70,"column":53}}],"line":70},"5":{"loc":{"start":{"line":77,"column":4},"end":{"line":77,"column":23}},"type":"default-arg","locations":[{"start":{"line":77,"column":15},"end":{"line":77,"column":23}}],"line":77},"6":{"loc":{"start":{"line":78,"column":4},"end":{"line":78,"column":21}},"type":"default-arg","locations":[{"start":{"line":78,"column":15},"end":{"line":78,"column":21}}],"line":78},"7":{"loc":{"start":{"line":81,"column":8},"end":{"line":83,"column":9}},"type":"if","locations":[{"start":{"line":81,"column":8},"end":{"line":83,"column":9}},{"start":{"line":81,"column":8},"end":{"line":83,"column":9}}],"line":81},"8":{"loc":{"start":{"line":103,"column":8},"end":{"line":105,"column":9}},"type":"if","locations":[{"start":{"line":103,"column":8},"end":{"line":105,"column":9}},{"start":{"line":103,"column":8},"end":{"line":105,"column":9}}],"line":103},"9":{"loc":{"start":{"line":103,"column":12},"end":{"line":103,"column":45}},"type":"binary-expr","locations":[{"start":{"line":103,"column":12},"end":{"line":103,"column":27}},{"start":{"line":103,"column":31},"end":{"line":103,"column":45}}],"line":103},"10":{"loc":{"start":{"line":126,"column":8},"end":{"line":130,"column":9}},"type":"if","locations":[{"start":{"line":126,"column":8},"end":{"line":130,"column":9}},{"start":{"line":126,"column":8},"end":{"line":130,"column":9}}],"line":126},"11":{"loc":{"start":{"line":139,"column":8},"end":{"line":153,"column":9}},"type":"if","locations":[{"start":{"line":139,"column":8},"end":{"line":153,"column":9}},{"start":{"line":139,"column":8},"end":{"line":153,"column":9}}],"line":139},"12":{"loc":{"start":{"line":142,"column":16},"end":{"line":149,"column":17}},"type":"if","locations":[{"start":{"line":142,"column":16},"end":{"line":149,"column":17}},{"start":{"line":142,"column":16},"end":{"line":149,"column":17}}],"line":142},"13":{"loc":{"start":{"line":162,"column":8},"end":{"line":173,"column":9}},"type":"if","locations":[{"start":{"line":162,"column":8},"end":{"line":173,"column":9}},{"start":{"line":162,"column":8},"end":{"line":173,"column":9}}],"line":162},"14":{"loc":{"start":{"line":164,"column":16},"end":{"line":169,"column":17}},"type":"if","locations":[{"start":{"line":164,"column":16},"end":{"line":169,"column":17}},{"start":{"line":164,"column":16},"end":{"line":169,"column":17}}],"line":164}},"s":{"0":1,"1":1,"2":1,"3":1,"4":1,"5":1,"6":1,"7":1,"8":1,"9":1,"10":1,"11":1,"12":1,"13":1,"14":1,"15":1,"16":1,"17":0,"18":1,"19":1,"20":1,"21":0,"22":1,"23":0,"24":0,"25":1,"26":2,"27":4,"28":1,"29":1,"30":5,"31":5,"32":0,"33":5,"34":1,"35":3,"36":3,"37":0,"38":3,"39":1,"40":1,"41":1,"42":4,"43":4,"44":4,"45":1,"46":3,"47":3,"48":3,"49":1,"50":1,"51":1,"52":1,"53":1,"54":0,"55":1,"56":0,"57":0,"58":0,"59":0,"60":0,"61":0,"62":0,"63":0,"64":0,"65":0,"66":1,"67":0,"68":0,"69":0,"70":0,"71":0,"72":0,"73":0,"74":0,"75":0,"76":1},"f":{"0":0,"1":1,"2":0,"3":0,"4":2,"5":4,"6":5,"7":5,"8":3,"9":3,"10":1,"11":4,"12":4,"13":3,"14":1,"15":1,"16":0,"17":0,"18":0,"19":0,"20":0,"21":0,"22":0,"23":0},"b":{"0":[0],"1":[5],"2":[5],"3":[0,5],"4":[5,0],"5":[3],"6":[3],"7":[0,3],"8":[1,3],"9":[4,4],"10":[1,0],"11":[0,0],"12":[0,0],"13":[0,0],"14":[0,0]},"_coverageSchema":"1a1c01bbd47fc00a2c39e90264f33305004495a9","hash":"0b3f60ef92918baa4c2e58bec3922d49dcc14c0f"}
}
