TN:
SF:src/app.js
FN:34,(anonymous_0)
FN:40,(anonymous_1)
FN:46,(anonymous_2)
FN:50,(anonymous_3)
FN:55,(anonymous_4)
FN:55,(anonymous_5)
FN:59,(anonymous_6)
FN:65,(anonymous_7)
FN:74,(anonymous_8)
FN:80,(anonymous_9)
FN:90,(anonymous_10)
FN:95,(anonymous_11)
FN:96,(anonymous_12)
FN:109,(anonymous_13)
FN:123,(anonymous_14)
FN:124,(anonymous_15)
FN:135,(anonymous_16)
FN:136,(anonymous_17)
FN:140,(anonymous_18)
FN:146,(anonymous_19)
FN:158,(anonymous_20)
FN:160,(anonymous_21)
FN:163,(anonymous_22)
FN:166,(anonymous_23)
FNF:24
FNH:13
FNDA:0,(anonymous_0)
FNDA:1,(anonymous_1)
FNDA:0,(anonymous_2)
FNDA:0,(anonymous_3)
FNDA:2,(anonymous_4)
FNDA:4,(anonymous_5)
FNDA:5,(anonymous_6)
FNDA:5,(anonymous_7)
FNDA:3,(anonymous_8)
FNDA:3,(anonymous_9)
FNDA:1,(anonymous_10)
FNDA:4,(anonymous_11)
FNDA:4,(anonymous_12)
FNDA:3,(anonymous_13)
FNDA:1,(anonymous_14)
FNDA:1,(anonymous_15)
FNDA:0,(anonymous_16)
FNDA:0,(anonymous_17)
FNDA:0,(anonymous_18)
FNDA:0,(anonymous_19)
FNDA:0,(anonymous_20)
FNDA:0,(anonymous_21)
FNDA:0,(anonymous_22)
FNDA:0,(anonymous_23)
DA:3,1
DA:4,1
DA:5,1
DA:6,1
DA:7,1
DA:8,1
DA:9,1
DA:10,1
DA:12,1
DA:15,1
DA:18,1
DA:19,1
DA:21,1
DA:22,1
DA:25,1
DA:28,1
DA:34,1
DA:35,0
DA:40,1
DA:41,1
DA:46,1
DA:47,0
DA:50,1
DA:51,0
DA:52,0
DA:55,4
DA:56,1
DA:59,1
DA:65,5
DA:66,5
DA:67,0
DA:70,5
DA:74,1
DA:80,3
DA:81,3
DA:82,0
DA:85,3
DA:90,1
DA:91,1
DA:95,1
DA:96,4
DA:98,4
DA:103,4
DA:104,1
DA:107,3
DA:109,3
DA:110,3
DA:123,1
DA:124,1
DA:125,1
DA:126,1
DA:127,1
DA:129,0
DA:135,1
DA:136,0
DA:138,0
DA:139,0
DA:140,0
DA:142,0
DA:143,0
DA:144,0
DA:146,0
DA:147,0
DA:152,0
DA:158,1
DA:160,0
DA:161,0
DA:162,0
DA:163,0
DA:164,0
DA:165,0
DA:166,0
DA:167,0
DA:172,0
DA:177,1
LF:75
LH:49
BRDA:61,0,0,0
BRDA:62,1,0,5
BRDA:63,2,0,5
BRDA:66,3,0,0
BRDA:66,3,1,5
BRDA:70,4,0,5
BRDA:70,4,1,0
BRDA:77,5,0,3
BRDA:78,6,0,3
BRDA:81,7,0,0
BRDA:81,7,1,3
BRDA:103,8,0,1
BRDA:103,8,1,3
BRDA:103,9,0,4
BRDA:103,9,1,4
BRDA:126,10,0,1
BRDA:126,10,1,0
BRDA:139,11,0,0
BRDA:139,11,1,0
BRDA:142,12,0,0
BRDA:142,12,1,0
BRDA:162,13,0,0
BRDA:162,13,1,0
BRDA:164,14,0,0
BRDA:164,14,1,0
BRF:25
BRH:12
end_of_record
